[09-Dec-2019 18:07:05] NOTICE: fpm is running, pid 28052
[09-Dec-2019 18:07:05] NOTICE: ready to handle connections
[09-Dec-2019 18:11:18] NOTICE: Terminating ...
[09-Dec-2019 18:11:18] NOTICE: Terminating ...
[09-Dec-2019 18:11:18] NOTICE: exiting, bye-bye!
[09-Dec-2019 18:24:57] NOTICE: fpm is running, pid 29155
[09-Dec-2019 18:24:57] NOTICE: ready to handle connections
[10-Dec-2019 15:37:25] NOTICE: Terminating ...
[10-Dec-2019 15:37:25] NOTICE: Terminating ...
[10-Dec-2019 15:37:25] NOTICE: exiting, bye-bye!
[10-Dec-2019 15:37:27] NOTICE: fpm is running, pid 32682
[10-Dec-2019 15:37:27] NOTICE: ready to handle connections
[10-Dec-2019 21:38:24] NOTICE: Terminating ...
[10-Dec-2019 21:38:24] NOTICE: Terminating ...
[10-Dec-2019 21:38:24] NOTICE: exiting, bye-bye!
[11-Dec-2019 15:17:13] NOTICE: fpm is running, pid 44715
[11-Dec-2019 15:17:13] NOTICE: ready to handle connections
[14-Dec-2019 06:21:02] NOTICE: Terminating ...
[14-Dec-2019 06:21:02] NOTICE: Terminating ...
[14-Dec-2019 06:21:02] NOTICE: exiting, bye-bye!
[18-Dec-2019 16:15:42] NOTICE: fpm is running, pid 1678
[18-Dec-2019 16:15:42] NOTICE: ready to handle connections
[18-Dec-2019 19:17:28] NOTICE: Terminating ...
[18-Dec-2019 19:17:28] NOTICE: Terminating ...
[18-Dec-2019 19:17:28] NOTICE: exiting, bye-bye!
[27-Dec-2019 17:19:19] NOTICE: fpm is running, pid 54292
[27-Dec-2019 17:19:19] NOTICE: ready to handle connections
[28-Dec-2019 14:46:30] NOTICE: Terminating ...
[28-Dec-2019 14:46:30] NOTICE: Terminating ...
[28-Dec-2019 14:46:30] NOTICE: exiting, bye-bye!
[28-Dec-2019 20:54:09] NOTICE: fpm is running, pid 73945
[28-Dec-2019 20:54:09] NOTICE: ready to handle connections
[29-Dec-2019 15:43:31] NOTICE: Terminating ...
[29-Dec-2019 15:43:31] NOTICE: Terminating ...
[29-Dec-2019 15:43:31] NOTICE: exiting, bye-bye!
[03-Jan-2020 16:21:09] NOTICE: fpm is running, pid 4441
[03-Jan-2020 16:21:09] NOTICE: ready to handle connections
[04-Jan-2020 16:27:00] NOTICE: Terminating ...
[04-Jan-2020 16:27:00] NOTICE: Terminating ...
[04-Jan-2020 16:27:00] NOTICE: exiting, bye-bye!
[04-Jan-2020 16:27:03] NOTICE: fpm is running, pid 7662
[04-Jan-2020 16:27:03] NOTICE: ready to handle connections
[04-Jan-2020 21:28:32] NOTICE: Terminating ...
[04-Jan-2020 21:28:32] NOTICE: Terminating ...
[04-Jan-2020 21:28:32] NOTICE: exiting, bye-bye!
[06-Jan-2020 15:38:01] NOTICE: fpm is running, pid 9369
[06-Jan-2020 15:38:01] NOTICE: ready to handle connections
[06-Jan-2020 16:22:36] NOTICE: Terminating ...
[06-Jan-2020 16:22:36] NOTICE: Terminating ...
[06-Jan-2020 16:22:36] NOTICE: exiting, bye-bye!
[06-Jan-2020 16:22:39] NOTICE: fpm is running, pid 9914
[06-Jan-2020 16:22:39] NOTICE: ready to handle connections
[06-Jan-2020 16:30:41] NOTICE: Terminating ...
[06-Jan-2020 16:30:41] NOTICE: Terminating ...
[06-Jan-2020 16:30:41] NOTICE: exiting, bye-bye!
[06-Jan-2020 16:30:43] NOTICE: fpm is running, pid 10046
[06-Jan-2020 16:30:43] NOTICE: ready to handle connections
[06-Jan-2020 16:31:19] NOTICE: Terminating ...
[06-Jan-2020 16:31:19] NOTICE: Terminating ...
[06-Jan-2020 16:31:19] NOTICE: exiting, bye-bye!
[06-Jan-2020 16:31:21] NOTICE: fpm is running, pid 10099
[06-Jan-2020 16:31:21] NOTICE: ready to handle connections
[06-Jan-2020 16:32:12] NOTICE: Terminating ...
[06-Jan-2020 16:32:12] NOTICE: Terminating ...
[06-Jan-2020 16:32:12] NOTICE: exiting, bye-bye!
[06-Jan-2020 16:32:24] NOTICE: fpm is running, pid 10174
[06-Jan-2020 16:32:24] NOTICE: ready to handle connections
[06-Jan-2020 16:34:10] NOTICE: Terminating ...
[06-Jan-2020 16:34:10] NOTICE: Terminating ...
[06-Jan-2020 16:34:10] NOTICE: exiting, bye-bye!
[06-Jan-2020 16:34:13] NOTICE: fpm is running, pid 10229
[06-Jan-2020 16:34:13] NOTICE: ready to handle connections
